C:\laragon\www\contravinos-api-sync>php index.php
Ô×£ Obteniendo datos origen ...
Ô×£ Obteniendo los ids de los productos...
Actualizando: C140060001 C140060002 C140060003 C140100001 C140100002 C140330001
C140330005 C140330002 C140330003 C140330004 C140160002 C140390002 C140180002 C14
0100003 C140780001 C140160001 C140500005 C140500006 C140340001 C140340002 C14034
0003 C140340004 C140340006 C140340005 C140690001 C140780002 C140500003 C14075000
8 C140750001 C140370001 C140640002 C140640005 C140660001 C140360002 C140750007 C
140670006 C140670003 C140570004 C140490001 C140430010 C140590001 C140740001 C140
570002 C140570007 C140570010 C140570005 C140570001 C140570003 C140570006 C140430
015 C140430020 C140430009 C140430003 C140150002 C140150006 C140410002 C140600003
 C140600007 C140110002 C140110003 C140300001 C140150003 C140150001 C140150005 C1
40050010 C140600005 C140010040 C140120002 C140480003 C140120017 C140120006 C1401
20004 C140610003 C140010039 C140010013 C140010007 C140010037 C140690004 C1406900
05 C140500002 C140270001 C140360003 C140670001 C140670002 C140750011 C140750006
C140670004 C140670007 C140430013 C140460004 C140410001 C140050006 C140050001 C14
0050011 C140050007 C140050002 C140050005 C140050004 C140050003 C140010038 Ô×£ Ac
tualizaci├│n en lote ...
Ô£ö Productos actualizados correctamente
Ô×£ Obteniendo los ids de los productos...
Actualizando: C140260001 DSCCH0001 C140610001 C140040001 C140130001 C140630011 C
140630009 C140600010 C140440002 C140360001 346 LICA0001 GRVL0001 GRVL0004 C14073
0002 C140440007 C140170001 C140170002 MZLD0014 DSUP0008 C140680001 D0001 A008 A0
07 C140110001 C140720001 C140690002 C140720004 C140720003 C140010041 C140460001
C140200001 C140120007 VIBV0001 VIBV0002 C140430007 C140430017 C140430005 C140430
006 C140380001 C140120003 C140430018 C140440003 C140440001 C140190001 C140650012
 C140650002 C140650001 MZLD0012 C140390003 C140020006 C140020009 C140020011 C140
020008 C140020005 C140650013 C140280002 C140770007 C140630010 C140630006 C140630
008 C140630004 C140630014 C140500008 VIBV0003 C140010001 C140710006 C140710004 C
140280001 VIBV0008 VIFE0001 VIFE0002 VIFE0003 C140220002 C140220001 C140220003 C
140220006 B0001 B0002 B0003 B0004 C140070001 VIBV0005 VIBV0004 POME0002 POME0001
 C140290004 AOSH0005 C140220005 GRVL0006 GRVL0003 AOBO0001 MZLD0009 C140570012 C
140430008 MZLD0004 AOUP0002 C140630005 C140630013 C140650005 Ô×£ Actualizaci├│n
en lote ...
Ô£ö Productos actualizados correctamente
Ô×£ Obteniendo los ids de los productos...
Actualizando: POLD0008 POLD0021 C140010015 C140010011 C140010034 C140030002 POLD
0019 POSA0004 POME0003 C140650004 C140650010 C140650007 C140650006 C140440004 C1
40440005 C140600004 C140400001 C140030001 C140290006 D001 C140760003 C140060004
C140010002 C140730003 C140020001 C140020003 C140020002 C140330006 C140330007 C14
0450001 C140610002 C140750002 C140750005 C140430012 C140430001 C140430004 C14050
0007 C140120009 C140440006 C140370003 LIVA0001 C140690003 C140480001 C140480002
C140730005 DSCCH0003 C140020004 C140090001 C140120005 C140640004 C140140001 C140
760004 C140760001 C140740003 C140740002 C0004 C0003 C0005 C140360005 C140720002
C140290003 C140430011 C140710001 C140710002 C140290005 C140750009 C140620002 C14
0770003 C140770001 C140770002 C140670008 C140010004 C140270003 C140650011 C002 C
140270002 C140050009 C001 MZLD0005 C140600006 C140670005 C140010036 C140020007 C
140460003 AOBA0001 AOBA0004 AOBA0003 AOBA0002 GRVL0002 GRVL0005 A0001 A0002 A000
3 C0006 C140650008 AOSH0003 AOSH0002 E001 C140730001 C140640003 Ô×£ Actualizaci├
│n en lote ...
Ô£ö Productos actualizados correctamente
Ô×£ Obteniendo los ids de los productos...
Actualizando: C140750012 VIBV0006 VIBV0007 C140470002 C140470003 C140150004 C140
440008 C140120001 C140530001 C140530002 C140640006 C140600002 C140570011 C140340
007 C140650009 C140430014 C140430016 C140430019 C140530003 C140120012 C140120010
 C140720005 C140280003 C140290001 C140290002 C140310001 C140570008 C140710007 C1
40020010 C140730004 CEKP0007 G008 CEKP0002 CEKP0003 C140640001 C140540001 C14076
0002 C140240003 C140240004 C140240005 C140510001 C140120008 CEKP0001 CEKA0004 CE
KA0005 CEKA0006 C140010014 C140770008 C140400002 C0001 C0002 SAL0001 C140700002
C140710003 C140590002 POAC0001 POLD0006 POLD0005 C140010016 F001 C140560001 AOUP
0001 A001 A027 C140700001 C140310002 C140220009 C140010018 C140600001 C140430002
 C140160003 C140270004 A025 A002 A003 A005 A006 A009 A010 A011 A013 A014 A016 A0
17 A020 C140010035 C140010005 C140220007 C140220004 C140750003 C140350002 C14035
0001 C140350003 C140470001 LICE0001 C140010026 C140010027 C140010028 C140190002
A029 Ô×£ Actualizaci├│n en lote ...
Ô£ö Productos actualizados correctamente
Ô×£ Obteniendo los ids de los productos...
Actualizando: C140770005 SAL0002 C140630002 C140770009 C140120014 C140300002 C14
0120015 C140010021 C140120018 C140400003 C140010022 C140010023 C140010024 C14001
0025 C140010017 C140010003 C140160005 C140650014 C140010019 C140010012 C14001002
0 C140360004 C140810001 C140010009 C140550001 C140550004 C140550003 C140550002 C
140010008 C140750004 C140750013 C140620001 C140540002 C140340008 C140230002 C140
230003 C140230001 MZAG0001 C140220008 C140750010 H001 C140240002 C140710005 2121
 C140180003 C140210001 C140210002 C140210003 C140420001 C140420002 C140120011 C1
40160004 C140010010 C140350004 C140570013 C140570009 C140640007 C140580001 C1400
50008 C140120013 C140120016 C140750014 C140600009 MZLD0006 AOBO0002 C140600008 C
140240001 MZLD0007 MZLD0001 MZLD0008 MZLD0002 MZLD0003 AOSH0004 AOSH0006 C140350
005 AOSH0007 AOSH0001 AOCA0001 AOCA0002 C140250004 C140250003 MZLD0013 MZLD0011
C140250001 C140250002 C140010030 C140010031 C140010032 C140010033 C140180004 MZL
D0010 C140010029 AOVI0001 C140460002 C140080001 C140500004 C140500001 C140180001
 Ô×£ Actualizaci├│n en lote ...
Ô£ö Productos actualizados correctamente
Ô×£ Obteniendo los ids de los productos...
Actualizando: C140510002 C140810002 C140010050 A028 A026 A024 SAL0009 POQU001 PO
QU0002 POQU0003 SFS0006 C1400100048 C140010049 C140210004 A0021 C140120019 SFS00
01 SFS0002 SFS0003 SFS0004 SFS0005 C140610005 C140610006 POLC0002 POLC0003 C1405
00009 SAL0006 SAL0007 SAL0008 C140610004 C140680002 C140800001 C140800002 C14080
0003 SAL0003 SAL0004 SAL0005 B0006 C140010043 C140010044 C140010045 POLD0018 POL
D0026 POLD0027 POLD0028 C140330010 AAG0002 AAG0003 AAG0004 ENOCO0003 AAG0001 B00
05 C140240006 C140010006 ENOCO0002 ENORE0001 ENOCO0001 C140630015 C140630016 C14
0630017 C140640018 ENOTA0001 C140160006 MZLD0015 C140330008 C140330009 C14033001
1 POLD0024 C140140002 POLD0015 POLD0002 POLD0001 POLD0025 POLD0020 POLD0022 POLD
0023 C140320001 POLD0013 POLD0017 C140770006 C140770004 C140310003 C140630012 C1
40120020 AOSH0008 AOSH0009 C140190003 LIVA0002 C140010047 C140010046 B001 C14005
0012 C140790001 C140010042 POLD0009 POLD0011 POLD0016 POLD0010 POLD0014 POLD0012
 Ô×£ Actualizaci├│n en lote ...
Ô£ö Productos actualizados correctamente
Ô×£ Obteniendo los ids de los productos...
Actualizando: CBM002 CBM004 CBM005 CBM006 CBM007 CBM008 CBM009 CMI0014 CMI0015 C
140770016 SFS0007 C140810003 CGA0001 CMI0008 CMI0010 CMI0011 AGDL003 C140140003
C140240007 AP0005 A0028 A0029 E0001 C146360007 AP0001 C140730006 C140010054 C140
150007 C140670009 AGDL0001 C140770011 C14077012 C14077013 C140770014 C140770015
MZLD0016 C140010053 C140770010 C140010052 C140360006 POLD0029 POLD0030 POQU0008
C140010051 C140610007 C140500010 C140320002 LIGDL001 POQU0004 POQU0005 POQU0006
POQU0007 CBM001 CBM003 C140500011 CMI0003 CMI0004 CMI0005 CMI0006 CMI0007 CMI000
9 CMI0012 CMI0013 SAL0030 SAL0031 AGDL002 CMI0002 SAL0025 SAL0026 SAL0027 SAL002
9 SAL0021 SAL0022 SAL0023 SAL0024 SAL0018 SAL0019 SAL0020 SAL0015 SAL0016 SAL001
7 AP0004 SAL0010 SAL0011 SAL0012 SAL0013 SAL0014 POLD0031 CMI0001 AP0002 AP0003
MZLD0017 DSUP0005 DSUP0006 MZIV0001 MZIV0002 DSUP0001 DSUP0002 DSUP0003 DSUP0004
 Ô×£ Actualizaci├│n en lote ...
Ô£ö Productos actualizados correctamente
Ô×£ Obteniendo los ids de los productos...
Actualizando: CEMA0001├ç AOUP0003 C140880001 C140890001 CMI00011 C140190004 C140
580002 C140900001 C140900002 C1840860004 C1840860005 C1840860006 C150870001 C150
870002 C1400140005 C140850001 C1840860001 C1840860002 C1840860003 C140750015 C14
0750016 C140750017 C140750018 CMI00010 PODH0005 PODH0006 CASC0001 CASC0002 CEGA0
002 PODH0001 PODH0003 PODH0004 CPR0004 C140760005 C140760006 ABM0001 C140570014
C140570015 A0031 C140540003 C1400100055 C1400100056 A0030 C140830001 C140830002
C140770017 C140770018 C140120021 AGDL007 C140140004 C140810010 C140810011 C14081
0012 C140810013 C140810014 AGDL005 AGDL006 C140810005 C140810006 C140810007 C140
810008 C140810009 C140430021 POCC001 C140810004 CBM010 AOSH0010 C140120022 C1409
10001 C140910002 C140920001 C140650015 C140890002 CMI0016 CCU0004 CCU0005 C14001
0057 PODH0002 CCU0001 CCU0002 CCU0003 CPR0002 CPR0003 CPR0001 AORG0002 AOBO0005
AOBO0006 C140840001 AOAL0001 AOAL0002 AOAL0003 AORG0001 AOGR0001 AOBO0003 C14082
0003 B0007 C140820001 C140820002 C140810015 AGDL004 Ô×£ Actualizaci├│n en lote .
..
Ô£ö Productos actualizados correctamente
Ô×£ Obteniendo los ids de los productos...
Actualizando: C140510003 DSUP0007 DSUP0009 DSUP0010 CLC0006 C140120025 MEMI0002
MEMI0003 MEMI0004 CAM0003 CAM0004 CLC0005 CAM0001 CAM0002 MEMI0001 C140010058 LI
VA0004 C140970001 CLC0003 CLC0004 CLC0002 C140960001 C140960002 C140960004 C1409
60005 C140770019 C140950001 C140950002 C140950003 POQCA0001 C140120024 C14094000
1 C140940002 C140670010 RETS001 LIVA0003 C140120023 C140650016 C140650017 C14065
0018 C140101001 C140101002 LIGP0001 LIGP0002 CPR0005 C1401000001 C1401000002 AOB
O0007 MZLD0022 MZLD0023 MZLD0019 MZLD0020 MZLD0021 CCU0006 C140930002 SLC0022 C1
40980001 C149099001 C149099002 AOUP0004 C140960003 SLC0021 CLC0001 SLC0015 SLC00
16 SLC0017 SLC0018 SLC0019 SLC0020 SLC0010 SLCOO11 SLC0012 SLC00013 SLC0014 SLC0
006 SLC0007 SLC0008 SLC0009 SLC0005 PODQ0001 SLC0001 SLC0002 SLC0003 SLC0004 SAL
0038 SAL0039 C140700003 AOTA0001 AOTA0002 AOTA0003 AOTA0004 AOTA0005 SAL0037 SAL
0034 SAL0035 SAL0036 SAL0028 SAL0032 SAL0033 C140930001 Ô×£ Actualizaci├│n en lo
te ...
Ô£ö Productos actualizados correctamente
Ô×£ Obteniendo los ids de los productos...
Actualizando: QES0001 QEL0002 VAFG0001 C140010071 C140710008 C140710009 C1400100
70 C140930003 POAG0001 POAG0003 C140103001 C140010069 ACGR0004 C140010068 ACPP00
07 ACPP0008 ACPP0009 ACGR0001 ACPP0003 ACPP0005 ACPP0006 C140102001 C140010066 C
140010067 MEMI0005 MEMI0006 ACPP0001 ACPP0002 MZCT0002 CONES0002 CONES0003 AP000
6 AP0007 C140010064 MZCT0001 CONES0001 C140010063 C140010062 C140010061 C1401200
26 C140120027 QCR0001 QCR0002 QCR0003 QCR0004 QCR0006 QCR0007 C140010060 C140010
059 C140290007 C140970002 CTB0001 AACR0001 C140760008 C140700004 C140105004 CLB0
003 C140105001 C140105002 C140105003 CEEM0004 C1401040001 POVI0001 CLB0001 CLB00
02 C140760007 CEMA0001 CEMA0002 CEMA0003 CEMA0004 CEMA0005 PODQ0002 CEEM0002 CEE
M0003 AOAL0004 CELI0001 CELI0002 CELI0003 CEEM0001 ACGR0002 ACPP0004 CBP0007 SLC
0023 SLC0024 C140010065 CBP0001 CBP0002 CBP0003 CBP0004 CBP0005 CBP0006 QCR0005
SAL0041 SAL0042 SAL0043 C140450002 COM0001 COM0002 COM0003 SAL0040 Ô×£ Actualiza
ci├│n en lote ...
Ô£ö Productos actualizados correctamente
Ô×£ Obteniendo los ids de los productos...
Actualizando: C140770020 C140770021 C140770022 QUDR0001 QUDR0002 QUDR0003 QUDR00
04 QUDR0005 C140760009 C140120034 C140120035 HOG0002 HOG0004 HOG0001 QRSJ003 QRS
J004 QRSJ005 C140109001 C140109002 C140850002 C140108001 QRSJ001 QRSJ002 MZPA000
3 MZPA0004 MZPA0005 C14007002 C140120032 C140120033 MZLD0028 MZLD0029 MZLD0030 M
ZLD0031 MZLD0033 MZLD0025 MZLD0026 MZLD0027 MZLD0024 C140010077 C140960006 C1409
60007 C140107002 C140107003 C140107004 C140107005 C140120030 C140106004 C1508700
03 C140107001 POQR001 POQU002 POP001 POAC001 PO004 SALC0004 C140010072 C14081001
6 SALC0002 SALC0003 C140120029 ACCP0001 C140106002 C140106001 C140106003 C140750
019 SALC0001 C1400180005 C140120028 ACLE0002 QES0003 QEL0004 ACLE0001 C140111001
 C140111002 CGTO001 HOG0003 C140890003 ACED0001 CMM0001 MZLD0034 MZLD0036 MZLD00
32 MZPA0001 MZPA0002 CELI0004 CBP0010 C140010076 C140010073 C140010074 C14001007
5 AOBO0008 C140710010 CBP0009 POCH0002 C140510004 CBP0008 POCH0001 CTB0002 CTB00
03 CTB0004 Ô×£ Actualizaci├│n en lote ...
Ô£ö Productos actualizados correctamente
Ô×£ Obteniendo los ids de los productos...
Actualizando: RACP0001 POBG0001 POBG0002 B0008 ACVI0001 ACBM0001 C140010078 ACNL
M004 POSG0002 MEMI0008 ACNLM003 ACCLC0001 C140121001 C140290008 POPG0002 DERAI00
02 C140119002 C140550005 C140122001 POSG0001 MEMI0007 C140420003 C140118001 POPG
0001 C140950004 C140950005 C140650020 C140116004 C140106005 C140180006 POQU004 P
OQU0009 C140111003 C140650019 C140140007 C140108002 C140115002 C140115003 C14011
5004 C140115005 C140116001 C140116002 C140116003 C140140006 C140115001 C14011400
3 ACPV0001 C140114001 C140113001 C140113002 CEWE0003 CEWE0004 C140104002 RACP000
3 CEWE0002 C140190005 ACOAX001 C140640008 C140640009 CEWE0001 C140350006 C140123
001 RACP0002 ACNLM005 CGTO003 CEAN0001 CEAN0002 CEAN0003 C140117005 CEDA0001 CED
A002 CEDA003 CEDA0004 C140119001 C1400050014 CELI0005 ACNLM001 ACNLM0002 C140050
013 AOBO0009 AOBO0010 C140117002 C140117003 C140117004 C140117001 C140140008 VIN
I0001 MZLD0041 MZLD0042 MZLD0043 MZLD0037 MZLD0038 MZLD0039 MZLD0040 QUDR0006 DE
RAI001 C140114002 CGTO002 C140112001 QUDR0007 Ô×£ Actualizaci├│n en lote ...
Ô£ö Productos actualizados correctamente
Ô×£ Obteniendo los ids de los productos...
Actualizando: C1401300001 QUDR00015 C140010088 ACNLM007 C149920002 C140120036 C1
40120037 DEEN0002 ARCE0001 C140010087 C140119003 C140129001 POBL011 POBL012 POBL
013 POBL014 POBL015 POBL016 POBL017 POBL008 POBL009 POBL010 POBL006 POBL007 POBL
001 POBL002 POBL003 POBL004 POBO005 ACGUA002 ACGUA003 ACGUA004 ACGUA001 ACBM0002
 C140010084 C140106008 C140106009 C140127001 C140127002 C140127003 C140128001 AC
NLM006 REFT0001 C140010083 C140126001 C140126002 C140106006 C140106007 C14012500
1 QRSJ006 C140124001 C140124002 MEBC0002 C140180007 QUDR0013 QUDR0014 C140121002
 QUDR0011 QUDR0012 C140770023 C140570016 MZLD0044 C140010080 C140010081 C1400100
82 SLC0028 SLC0029 SLC0030 DEEN003 SLC0025 SLC0026 SLC0027 MZLD0035 C140120038 C
EIN0003 CEIN0001 CEIN0002 MZLD0050 ACBOP0001 ACBOP0002 DEEN0001 C140910003 C1400
10085 C140010086 ACGUA005 CEPR0001 MEBC0001 C140117006 C140117007 C140117008 C14
0117009 MEMI0009 MZLD0047 MZLD0048 MZLD0049 QUDR0008 QUDR0009 QUDR0010 MZLD0046
Ô×£ Actualizaci├│n en lote ...
Ô£ö Productos actualizados correctamente
Ô×£ Obteniendo los ids de los productos...
Actualizando: CAMIBA0001 C140450004 C140800004 C140119006 C1401370001 C140129002
 LAEU0001 LAEU0002 C140350007 MZPA0006 C1401360001 C140010102 C140010103 C140119
005 C1401320003 AGP0002 CODE001 C140120039 DEEN004 C140124003 C140010101 C140114
004 C140114005 C140500012 MZLD0052 MZLD0053 AGP0001 C140112004 C140112002 C14011
2003 C140010094 C140010095 C1401350001 C1401350002 C1401350003 C140010096 MZLD00
51 C140010092 C140890004 C140113003 C140119004 C140460005 C140290009 C1401330001
 C140450003 C140123002 C140123003 C140123004 CARE0001 C140108003 AP0008 C1404100
03 MEMI0010 C140126003 C140103002 C140111004 C140010089 C1401320002 C1401300002
CEBB0002 CEBB0004 C140010090 C140190006 C1401310001 C1401310002 C1401200037 C140
1320001 C140116005 C1401370002 C1401370003 C140114006 C140180008 C140120040 C140
120041 C140580003 C140500013 CANA0001 LAEU0003 MERU0001 C140117010 C140540004 C1
40010104 MZLD C140890005 C140010100 C14010101 C140010098 C140010099 C140010097 C
140010093 MZLD0045 C1401340001 CGTO004 C140010091 ACLC0001 CEBB0001 CEBB0003 ACL
C0002 CEDA0005 DEXI0001 Ô×£ Actualizaci├│n en lote ...
Ô£ö Productos actualizados correctamente
Ô×£ Obteniendo los ids de los productos...
Actualizando: C140690007 C140120052 C140120051 C140120050 C140120049 C140120048
C140120047 C140120046 C140120045 ACCN0003 ACCN0002 ACCN0001 C140010117 C14001011
6 C140010115 C1401410002 C1401410001 PONG0002 PONG0001 C140750021 ACBO0001 ACBM0
004 ACBM0003 C1401400003 C1401400002 C1401400001 C140111008 C140101006 C14010100
7 C149920003 C140101004 C140101005 C140010111 V140129003 C140117012 C140010109 C
140200003 C140120043 C140890006 C140890007 C140510005 C1400910004 CAJA003 C14010
7010 C140120042 C140125002 FLO001 C1401330002 ACBA0001 CAJA002 C140690006 C14011
1007 ACNEC001 ACNEC002 ACNEC003 ACNEC004 CAJA001 C140730007 C140570017 C14014000
9 C140117011 C140200002 C140750020 C140119006 C1401300003 C140120044 C140101008
CEHE007 CEHE008 C1401380001 C1401380002 C1401390001 C1401390002 C1401390003 C140
010112 C140010113 C140010114 CEHE006 C140010110 C140101003 CEHE003 CEHE004 CEHE0
05 C140010107 C140010108 CEHE001 CEHE002 LAIN001 PODA001 PODA002 PODA003 VINI000
3 C140930004 C140010106 VINI0002 C140010105 C140123005 C140111005 C140111006 Ô×£
 Actualizaci├│n en lote ...
Ô£ö Productos actualizados correctamente
Ô×£ Obteniendo los ids de los productos...
Actualizando: TECA0003 TECA0002 TECA0001 C1401480002 C1401480001 C140460006 CELM
0004 CELM0003 CELM0002 CELM0001 QUTH0003 QUTH0002 QUTH0001 C1401320005 C14013200
04 C1401470002 C1401470001 C140010118 C1401400005 C1401400004 C1401460003 C14014
60002 C1401460001 C1401450001 C140290010 C140117016 C140117015 C140117014 C14011
7013 C1401440005 C1401440004 C1401440003 C1401440002 C1401440001 C140910006 C140
910005 C1401380003 C1401430001 C149142003 C140142002 C140142001 C140690008 Ô×£ A